<?xml version="1.0" encoding="UTF-8"?>
<testng-results skipped="0" failed="0" ignored="0" total="1" passed="1">
  <reporter-output>
  </reporter-output>
  <suite name="Default suite" duration-ms="24882" started-at="2021-08-17T17:51:09 IST" finished-at="2021-08-17T17:51:34 IST">
    <groups>
    </groups>
    <test name="Default test" duration-ms="24882" started-at="2021-08-17T17:51:09 IST" finished-at="2021-08-17T17:51:34 IST">
      <class name="demo.UrlValidation">
        <test-method status="PASS" signature="beforeClass()[pri:0, instance:demo.UrlValidation@627551fb]" name="beforeClass" is-config="true" duration-ms="11" started-at="2021-08-17T17:51:09 IST" finished-at="2021-08-17T17:51:09 IST">
          <reporter-output>
          </reporter-output>
        </test-method> <!-- beforeClass -->
        <test-method status="PASS" signature="f()[pri:0, instance:demo.UrlValidation@627551fb]" name="f" duration-ms="24814" started-at="2021-08-17T17:51:09 IST" finished-at="2021-08-17T17:51:34 IST">
          <reporter-output>
          </reporter-output>
        </test-method> <!-- f -->
        <test-method status="PASS" signature="afterClass()[pri:0, instance:demo.UrlValidation@627551fb]" name="afterClass" is-config="true" duration-ms="0" started-at="2021-08-17T17:51:34 IST" finished-at="2021-08-17T17:51:34 IST">
          <reporter-output>
          </reporter-output>
        </test-method> <!-- afterClass -->
      </class> <!-- demo.UrlValidation -->
    </test> <!-- Default test -->
  </suite> <!-- Default suite -->
</testng-results>
